0 verbose cli /Users/zhangjunhuai/.nvm/versions/node/v24.13.0/bin/node /Users/zhangjunhuai/.nvm/versions/node/v24.13.0/lib/node_modules/npm/bin/npm-cli.js
1 info using npm@11.6.2
2 info using node@v24.13.0
3 silly config load:file:/Users/zhangjunhuai/.nvm/versions/node/v24.13.0/lib/node_modules/npm/npmrc
4 silly config load:file:/Users/zhangjunhuai/SHIE人寿新核心承保系统/xinhexin-salesman/.npmrc
5 silly config load:file:/Users/zhangjunhuai/.nvm/versions/node/v24.13.0/etc/npmrc
6 verbose title npm exec wrangler pages deploy dist
7 verbose argv "exec" "--" "wrangler" "pages" "deploy" "dist"
8 verbose logfile logs-max:10 dir:/Users/zhangjunhuai/SHIE人寿新核心承保系统/xinhexin-salesman/.npm/_logs/2026-02-06T10_10_16_401Z-
9 verbose logfile /Users/zhangjunhuai/SHIE人寿新核心承保系统/xinhexin-salesman/.npm/_logs/2026-02-06T10_10_16_401Z-debug-0.log
10 silly logfile done cleaning log files
11 http fetch GET 200 https://registry.npmjs.org/npm 885ms
12 verbose cwd /Users/zhangjunhuai/SHIE人寿新核心承保系统/xinhexin-salesman
13 verbose os Darwin 25.2.0
14 verbose node v24.13.0
15 verbose npm  v11.6.2
16 notice
16 notice New minor version of npm available! 11.6.2 -> 11.9.0
16 notice Changelog: https://github.com/npm/cli/releases/tag/v11.9.0
16 notice To update run: npm install -g npm@11.9.0
16 notice  { force: true, Symbol(proc-log.meta): true }
17 verbose exit 1
18 verbose code 1
